<?xml version="1.0" encoding="UTF-8"?>
<!-- Generated by org.testng.reporters.JUnitXMLReporter -->
<testsuite ignored="0" hostname="Pravin" failures="0" tests="4" name="Default test" time="31.129" errors="0" timestamp="2023-02-12T10:44:29 IST">
  <testcase classname="DataProvider.dataflow" name="test" time="7.006"/>
  <testcase classname="DataProvider.dataflow" name="test" time="5.892"/>
  <testcase classname="DataProvider.dataflow" name="test" time="5.947"/>
  <testcase classname="DataProvider.dataflow" name="test" time="12.204"/>
</testsuite> <!-- Default test -->
