<?xml version="1.0" encoding="UTF-8"?>
<testng-results ignored="0" total="4" passed="4" failed="0" skipped="0">
  <reporter-output>
  </reporter-output>
  <suite started-at="2023-02-12T10:43:58 IST" name="Default suite" finished-at="2023-02-12T10:44:29 IST" duration-ms="31129">
    <groups>
    </groups>
    <test started-at="2023-02-12T10:43:58 IST" name="Default test" finished-at="2023-02-12T10:44:29 IST" duration-ms="31129">
      <class name="DataProvider.dataflow">
        <test-method signature="test(java.lang.String,java.lang.String)[pri:0, instance:DataProvider.dataflow@130d63be]" started-at="2023-02-12T10:43:58 IST" name="test" data-provider="CheckEmaildata" finished-at="2023-02-12T10:44:05 IST" duration-ms="7006" status="PASS">
          <params>
            <param index="0">
              <value>
                <![CDATA[pravin@gmail.com]]>
              </value>
            </param>
            <param index="1">
              <value>
                <![CDATA[1221453]]>
              </value>
            </param>
          </params>
          <reporter-output>
          </reporter-output>
        </test-method> <!-- test -->
        <test-method signature="test(java.lang.String,java.lang.String)[pri:0, instance:DataProvider.dataflow@130d63be]" started-at="2023-02-12T10:44:05 IST" name="test" data-provider="CheckEmaildata" finished-at="2023-02-12T10:44:11 IST" duration-ms="5892" status="PASS">
          <params>
            <param index="0">
              <value>
                <![CDATA[kunal@gmail.com]]>
              </value>
            </param>
            <param index="1">
              <value>
                <![CDATA[122143423]]>
              </value>
            </param>
          </params>
          <reporter-output>
          </reporter-output>
        </test-method> <!-- test -->
        <test-method signature="test(java.lang.String,java.lang.String)[pri:0, instance:DataProvider.dataflow@130d63be]" started-at="2023-02-12T10:44:11 IST" name="test" data-provider="CheckEmaildata" finished-at="2023-02-12T10:44:17 IST" duration-ms="5947" status="PASS">
          <params>
            <param index="0">
              <value>
                <![CDATA[maddy@gmail.com]]>
              </value>
            </param>
            <param index="1">
              <value>
                <![CDATA[1221343]]>
              </value>
            </param>
          </params>
          <reporter-output>
          </reporter-output>
        </test-method> <!-- test -->
        <test-method signature="test(java.lang.String,java.lang.String)[pri:0, instance:DataProvider.dataflow@130d63be]" started-at="2023-02-12T10:44:17 IST" name="test" data-provider="CheckEmaildata" finished-at="2023-02-12T10:44:29 IST" duration-ms="12204" status="PASS">
          <params>
            <param index="0">
              <value>
                <![CDATA[kiran@gmail.com]]>
              </value>
            </param>
            <param index="1">
              <value>
                <![CDATA[123456]]>
              </value>
            </param>
          </params>
          <reporter-output>
          </reporter-output>
        </test-method> <!-- test -->
      </class> <!-- DataProvider.dataflow -->
    </test> <!-- Default test -->
  </suite> <!-- Default suite -->
</testng-results>
