<?xml version="1.0" encoding="UTF-8"?>
<testng-results ignored="0" total="1" passed="1" failed="0" skipped="0">
  <reporter-output>
  </reporter-output>
  <suite started-at="2023-01-03T00:29:03 IST" name="Default suite" finished-at="2023-01-03T00:29:12 IST" duration-ms="8798">
    <groups>
    </groups>
    <test started-at="2023-01-03T00:29:03 IST" name="Default test" finished-at="2023-01-03T00:29:12 IST" duration-ms="8798">
      <class name="InterviewPractice.GetwindowsHandles">
        <test-method signature="seleniumWindowHandle()[pri:0, instance:InterviewPractice.GetwindowsHandles@4efbca5a]" started-at="2023-01-03T00:29:03 IST" name="seleniumWindowHandle" finished-at="2023-01-03T00:29:12 IST" duration-ms="8733" status="PASS">
          <reporter-output>
          </reporter-output>
        </test-method> <!-- seleniumWindowHandle -->
      </class> <!-- InterviewPractice.GetwindowsHandles -->
    </test> <!-- Default test -->
  </suite> <!-- Default suite -->
</testng-results>
